c:\users\micka\documents\fraunhofer_2016_2017\tuiframework_github\build\tuilibmatrix4op\matrix4duplicatemsp.obj
c:\users\micka\documents\fraunhofer_2016_2017\tuiframework_github\build\tuilibmatrix4op\matrix4gettranslationmsp.obj
c:\users\micka\documents\fraunhofer_2016_2017\tuiframework_github\build\tuilibmatrix4op\matrix4inversemsp.obj
c:\users\micka\documents\fraunhofer_2016_2017\tuiframework_github\build\tuilibmatrix4op\matrix4multiplicationmsp.obj
c:\users\micka\documents\fraunhofer_2016_2017\tuiframework_github\build\tuilibmatrix4op\matrix4packedduplicatemsp.obj
c:\users\micka\documents\fraunhofer_2016_2017\tuiframework_github\build\tuilibmatrix4op\matrix4settranslationmsp.obj
c:\users\micka\documents\fraunhofer_2016_2017\tuiframework_github\build\tuilibmatrix4op\matrix4timesmsp.obj
c:\users\micka\documents\fraunhofer_2016_2017\tuiframework_github\build\tuilibmatrix4op\vector4duplicatemsp.obj
c:\users\micka\documents\fraunhofer_2016_2017\tuiframework_github\build\tuilibmatrix4op\vector4matrix4multiplicationmsp.obj
c:\users\micka\documents\fraunhofer_2016_2017\tuiframework_github\build\tuilibmatrix4op\vector4packedduplicatemsp.obj
c:\users\micka\documents\fraunhofer_2016_2017\tuiframework_github\build\tuilibmatrix4op\vector4timesmsp.obj
c:\users\micka\documents\fraunhofer_2016_2017\tuiframework_github\build\tuilibmatrix4op\tuilibmatrix4op.pdb
c:\users\micka\documents\fraunhofer_2016_2017\tuiframework_github\install\lib\x86\tuiframework\tuilibmatrix4opd.lib
c:\users\micka\documents\fraunhofer_2016_2017\tuiframework_github\build\tuilibmatrix4op\tuilibmatrix4op.idb
c:\users\micka\documents\fraunhofer_2016_2017\tuiframework_github\platforms\msvc2015\..\..\install\lib\x86\tuiframework\tuilibmatrix4op.pdb
c:\users\micka\documents\fraunhofer_2016_2017\tuiframework_github\build\tuilibmatrix4op\tuilibmatrix4op.tlog\cl.command.1.tlog
c:\users\micka\documents\fraunhofer_2016_2017\tuiframework_github\build\tuilibmatrix4op\tuilibmatrix4op.tlog\cl.read.1.tlog
c:\users\micka\documents\fraunhofer_2016_2017\tuiframework_github\build\tuilibmatrix4op\tuilibmatrix4op.tlog\cl.write.1.tlog
c:\users\micka\documents\fraunhofer_2016_2017\tuiframework_github\build\tuilibmatrix4op\tuilibmatrix4op.tlog\lib-link.read.1.tlog
c:\users\micka\documents\fraunhofer_2016_2017\tuiframework_github\build\tuilibmatrix4op\tuilibmatrix4op.tlog\lib-link.write.1.tlog
c:\users\micka\documents\fraunhofer_2016_2017\tuiframework_github\build\tuilibmatrix4op\tuilibmatrix4op.tlog\lib.command.1.tlog
