C:\Program Files (x86)\MSBuild\Microsoft.Cpp\v4.0\V140\Microsoft.CppBuild.targets(368,5): warning MSB8004: Output Directory does not end with a trailing slash.  This build instance will add the slash as it is required to allow proper evaluation of the Output Directory.
  TUIServerApp.cpp
  ServerStartupConfig.cpp
  ServerConfig.cpp
  PortAddress.cpp
  PluginShelfSingleton.cpp
  PluginShelf.cpp
  PluginLibWin32.cpp
  ParameterGroup.cpp
  MSPType.cpp
  MSPInstance.cpp
  MSPFactorySingleton.cpp
  MSPFactory.cpp
  MSPContainer.cpp
  MSPConfig.cpp
  MSPBase.cpp
  EPAddressTranslator.cpp
  DeviceType.cpp
  DeviceInstance.cpp
  DeviceFactorySingleton.cpp
  DeviceFactory.cpp
  Generating Code...
  Compiling...
  DeviceDescriptor.cpp
  DeviceContainer.cpp
  DeviceConfig.cpp
  Connector.cpp
  Generating Code...
C:\Program Files (x86)\MSBuild\Microsoft.Cpp\v4.0\V140\Microsoft.CppBuild.targets(1357,5): warning MSB8012: TargetPath(C:\Users\micka\Documents\Fraunhofer_2016_2017\TUIFramework_Github\platforms\MSVC2015\..\..\install\lib\x86\TUIFramework\TUIFrameworkServer.lib) does not match the Library's OutputFile property value (C:\Users\micka\Documents\Fraunhofer_2016_2017\TUIFramework_Github\install\lib\x86\TUIFramework\TUIFrameworkServerD.lib). This may cause your project to build incorrectly. To correct this, please make sure that $(OutDir), $(TargetName) and $(TargetExt) property values match the value specified in %(Lib.OutputFile).
C:\Program Files (x86)\MSBuild\Microsoft.Cpp\v4.0\V140\Microsoft.CppBuild.targets(1359,5): warning MSB8012: TargetName(TUIFrameworkServer) does not match the Library's OutputFile property value (TUIFrameworkServerD). This may cause your project to build incorrectly. To correct this, please make sure that $(OutDir), $(TargetName) and $(TargetExt) property values match the value specified in %(Lib.OutputFile).
  TUIFrameworkServer.vcxproj -> C:\Users\micka\Documents\Fraunhofer_2016_2017\TUIFramework_Github\platforms\MSVC2015\..\..\install\lib\x86\TUIFramework\TUIFrameworkServer.lib
