c:\users\micka\documents\fraunhofer_2016_2017\tuiframework_github\build\tuiframeworkserver\devicefactory.obj
c:\users\micka\documents\fraunhofer_2016_2017\tuiframework_github\build\tuiframeworkserver\devicefactorysingleton.obj
c:\users\micka\documents\fraunhofer_2016_2017\tuiframework_github\build\tuiframeworkserver\deviceinstance.obj
c:\users\micka\documents\fraunhofer_2016_2017\tuiframework_github\build\tuiframeworkserver\devicetype.obj
c:\users\micka\documents\fraunhofer_2016_2017\tuiframework_github\build\tuiframeworkserver\epaddresstranslator.obj
c:\users\micka\documents\fraunhofer_2016_2017\tuiframework_github\build\tuiframeworkserver\mspbase.obj
c:\users\micka\documents\fraunhofer_2016_2017\tuiframework_github\build\tuiframeworkserver\mspconfig.obj
c:\users\micka\documents\fraunhofer_2016_2017\tuiframework_github\build\tuiframeworkserver\mspcontainer.obj
c:\users\micka\documents\fraunhofer_2016_2017\tuiframework_github\build\tuiframeworkserver\mspfactory.obj
c:\users\micka\documents\fraunhofer_2016_2017\tuiframework_github\build\tuiframeworkserver\mspfactorysingleton.obj
c:\users\micka\documents\fraunhofer_2016_2017\tuiframework_github\build\tuiframeworkserver\mspinstance.obj
c:\users\micka\documents\fraunhofer_2016_2017\tuiframework_github\build\tuiframeworkserver\msptype.obj
c:\users\micka\documents\fraunhofer_2016_2017\tuiframework_github\build\tuiframeworkserver\parametergroup.obj
c:\users\micka\documents\fraunhofer_2016_2017\tuiframework_github\build\tuiframeworkserver\pluginlibwin32.obj
c:\users\micka\documents\fraunhofer_2016_2017\tuiframework_github\build\tuiframeworkserver\pluginshelf.obj
c:\users\micka\documents\fraunhofer_2016_2017\tuiframework_github\build\tuiframeworkserver\pluginshelfsingleton.obj
c:\users\micka\documents\fraunhofer_2016_2017\tuiframework_github\build\tuiframeworkserver\portaddress.obj
c:\users\micka\documents\fraunhofer_2016_2017\tuiframework_github\build\tuiframeworkserver\serverconfig.obj
c:\users\micka\documents\fraunhofer_2016_2017\tuiframework_github\build\tuiframeworkserver\serverstartupconfig.obj
c:\users\micka\documents\fraunhofer_2016_2017\tuiframework_github\build\tuiframeworkserver\tuiserverapp.obj
c:\users\micka\documents\fraunhofer_2016_2017\tuiframework_github\build\tuiframeworkserver\connector.obj
c:\users\micka\documents\fraunhofer_2016_2017\tuiframework_github\build\tuiframeworkserver\deviceconfig.obj
c:\users\micka\documents\fraunhofer_2016_2017\tuiframework_github\build\tuiframeworkserver\devicecontainer.obj
c:\users\micka\documents\fraunhofer_2016_2017\tuiframework_github\build\tuiframeworkserver\devicedescriptor.obj
c:\users\micka\documents\fraunhofer_2016_2017\tuiframework_github\build\tuiframeworkserver\tuiframeworkserver.pdb
c:\users\micka\documents\fraunhofer_2016_2017\tuiframework_github\install\lib\x86\tuiframework\tuiframeworkserverd.lib
c:\users\micka\documents\fraunhofer_2016_2017\tuiframework_github\build\tuiframeworkserver\tuiframeworkserver.idb
c:\users\micka\documents\fraunhofer_2016_2017\tuiframework_github\platforms\msvc2015\..\..\install\lib\x86\tuiframework\tuiframeworkserver.pdb
c:\users\micka\documents\fraunhofer_2016_2017\tuiframework_github\build\tuiframeworkserver\tuiframe.3a5db29c.tlog\cl.command.1.tlog
c:\users\micka\documents\fraunhofer_2016_2017\tuiframework_github\build\tuiframeworkserver\tuiframe.3a5db29c.tlog\cl.read.1.tlog
c:\users\micka\documents\fraunhofer_2016_2017\tuiframework_github\build\tuiframeworkserver\tuiframe.3a5db29c.tlog\cl.write.1.tlog
c:\users\micka\documents\fraunhofer_2016_2017\tuiframework_github\build\tuiframeworkserver\tuiframe.3a5db29c.tlog\lib-link.read.1.tlog
c:\users\micka\documents\fraunhofer_2016_2017\tuiframework_github\build\tuiframeworkserver\tuiframe.3a5db29c.tlog\lib-link.write.1.tlog
c:\users\micka\documents\fraunhofer_2016_2017\tuiframework_github\build\tuiframeworkserver\tuiframe.3a5db29c.tlog\lib.command.1.tlog
