C:\Program Files (x86)\MSBuild\Microsoft.Cpp\v4.0\V140\Microsoft.CppBuild.targets(368,5): warning MSB8004: Output Directory does not end with a trailing slash.  This build instance will add the slash as it is required to allow proper evaluation of the Output Directory.
C:\Program Files (x86)\MSBuild\Microsoft.Cpp\v4.0\V140\Microsoft.CppBuild.targets(392,5): warning MSB8028: The intermediate directory (..\..\..\..\build\) contains files shared from another project (TUILibOPCDLL.vcxproj).  This can lead to incorrect clean and rebuild behavior.
C:\Program Files (x86)\MSBuild\Microsoft.Cpp\v4.0\V140\Microsoft.CppBuild.targets(936,5): warning MSB8027: Two or more files with the name of opcda_i.c will produce outputs to the same location. This can lead to an incorrect build result.  The files involved are ..\..\..\..\3rdParty\OPC\src\opcda_i.c, ..\..\..\..\src\TUIPlugins\opc\opcda_i.c.
  OPCDev.cpp
c:\users\micka\documents\fraunhofer_2016_2017\tuiframework_github\src\tuiplugins\opc\opcdev.cpp(1): fatal error C1083: Cannot open include file: 'TUIPlugins/opc/OPCDev.h': No such file or directory
  Transaction.cpp
c1xx : fatal error C1083: Cannot open source file: '..\..\..\..\3rdParty\OPC\src\Transaction.cpp': No such file or directory
  OPCServer.cpp
c1xx : fatal error C1083: Cannot open source file: '..\..\..\..\3rdParty\OPC\src\OPCServer.cpp': No such file or directory
  OPCProperties.cpp
c1xx : fatal error C1083: Cannot open source file: '..\..\..\..\3rdParty\OPC\src\OPCProperties.cpp': No such file or directory
  OPCItemData.cpp
c1xx : fatal error C1083: Cannot open source file: '..\..\..\..\3rdParty\OPC\src\OPCItemData.cpp': No such file or directory
  OPCItem.cpp
c1xx : fatal error C1083: Cannot open source file: '..\..\..\..\3rdParty\OPC\src\OPCItem.cpp': No such file or directory
  OPCHost.cpp
c1xx : fatal error C1083: Cannot open source file: '..\..\..\..\3rdParty\OPC\src\OPCHost.cpp': No such file or directory
  OPCGroup.cpp
c1xx : fatal error C1083: Cannot open source file: '..\..\..\..\3rdParty\OPC\src\OPCGroup.cpp': No such file or directory
  OPCClient.cpp
c1xx : fatal error C1083: Cannot open source file: '..\..\..\..\3rdParty\OPC\src\OPCClient.cpp': No such file or directory
  Generating Code...
