c:\users\micka\documents\fraunhofer_2016_2017\tuiframework_github\build\tuiframeworkcore\eventfactory.obj
c:\users\micka\documents\fraunhofer_2016_2017\tuiframework_github\build\tuiframeworkcore\eventserializer.obj
c:\users\micka\documents\fraunhofer_2016_2017\tuiframework_github\build\tuiframeworkcore\eventterminator.obj
c:\users\micka\documents\fraunhofer_2016_2017\tuiframework_github\build\tuiframeworkcore\exception.obj
c:\users\micka\documents\fraunhofer_2016_2017\tuiframework_github\build\tuiframeworkcore\guideventtypeidvector.obj
c:\users\micka\documents\fraunhofer_2016_2017\tuiframework_github\build\tuiframeworkcore\hostaddress.obj
c:\users\micka\documents\fraunhofer_2016_2017\tuiframework_github\build\tuiframeworkcore\hostmsg.obj
c:\users\micka\documents\fraunhofer_2016_2017\tuiframework_github\build\tuiframeworkcore\hostmsgdispatcher.obj
c:\users\micka\documents\fraunhofer_2016_2017\tuiframework_github\build\tuiframeworkcore\iserializable.obj
c:\users\micka\documents\fraunhofer_2016_2017\tuiframework_github\build\tuiframeworkcore\port.obj
c:\users\micka\documents\fraunhofer_2016_2017\tuiframework_github\build\tuiframeworkcore\systemcmd.obj
c:\users\micka\documents\fraunhofer_2016_2017\tuiframework_github\build\tuiframeworkcore\tuiobjectdescriptor.obj
c:\users\micka\documents\fraunhofer_2016_2017\tuiframework_github\build\tuiframeworkcore\tuiobjectinstance.obj
c:\users\micka\documents\fraunhofer_2016_2017\tuiframework_github\build\tuiframeworkcore\tuiobjecttype.obj
c:\users\micka\documents\fraunhofer_2016_2017\tuiframework_github\build\tuiframeworkcore\typeregistration.obj
c:\users\micka\documents\fraunhofer_2016_2017\tuiframework_github\build\tuiframeworkcore\logger.obj
c:\users\micka\documents\fraunhofer_2016_2017\tuiframework_github\build\tuiframeworkcore\sstreamsingleton.obj
c:\users\micka\documents\fraunhofer_2016_2017\tuiframework_github\build\tuiframeworkcore\multicastlistenerwinsock2.obj
c:\users\micka\documents\fraunhofer_2016_2017\tuiframework_github\build\tuiframeworkcore\udpreceiverwinsock2.obj
c:\users\micka\documents\fraunhofer_2016_2017\tuiframework_github\build\tuiframeworkcore\udpsenderwinsock2.obj
c:\users\micka\documents\fraunhofer_2016_2017\tuiframework_github\build\tuiframeworkcore\attachedobjects.obj
c:\users\micka\documents\fraunhofer_2016_2017\tuiframework_github\build\tuiframeworkcore\epaddress.obj
c:\users\micka\documents\fraunhofer_2016_2017\tuiframework_github\build\tuiframeworkcore\eventchannelfactory.obj
c:\users\micka\documents\fraunhofer_2016_2017\tuiframework_github\build\tuiframeworkcore\eventdeserializer.obj
c:\users\micka\documents\fraunhofer_2016_2017\tuiframework_github\build\tuiframeworkcore\tuiframeworkcore.pdb
c:\users\micka\documents\fraunhofer_2016_2017\tuiframework_github\install\lib\x86\tuiframework\tuiframeworkcored.lib
c:\users\micka\documents\fraunhofer_2016_2017\tuiframework_github\build\tuiframeworkcore\tuiframeworkcore.idb
c:\users\micka\documents\fraunhofer_2016_2017\tuiframework_github\platforms\msvc2015\..\..\install\lib\x86\tuiframework\tuiframeworkcore.pdb
c:\users\micka\documents\fraunhofer_2016_2017\tuiframework_github\build\tuiframeworkcore\tuiframeworkcore.tlog\cl.command.1.tlog
c:\users\micka\documents\fraunhofer_2016_2017\tuiframework_github\build\tuiframeworkcore\tuiframeworkcore.tlog\cl.read.1.tlog
c:\users\micka\documents\fraunhofer_2016_2017\tuiframework_github\build\tuiframeworkcore\tuiframeworkcore.tlog\cl.write.1.tlog
c:\users\micka\documents\fraunhofer_2016_2017\tuiframework_github\build\tuiframeworkcore\tuiframeworkcore.tlog\lib-link.read.1.tlog
c:\users\micka\documents\fraunhofer_2016_2017\tuiframework_github\build\tuiframeworkcore\tuiframeworkcore.tlog\lib-link.write.1.tlog
c:\users\micka\documents\fraunhofer_2016_2017\tuiframework_github\build\tuiframeworkcore\tuiframeworkcore.tlog\lib.command.1.tlog
