C:\Program Files (x86)\MSBuild\Microsoft.Cpp\v4.0\V140\Microsoft.CppBuild.targets(368,5): warning MSB8004: Output Directory does not end with a trailing slash.  This build instance will add the slash as it is required to allow proper evaluation of the Output Directory.
  UDPSenderWinSock2.cpp
  UDPReceiverWinSock2.cpp
  MulticastListenerWinSock2.cpp
  SStreamSingleton.cpp
  Logger.cpp
  TypeRegistration.cpp
  TUIObjectType.cpp
  TUIObjectInstance.cpp
  TUIObjectDescriptor.cpp
  SystemCmd.cpp
  Port.cpp
  ISerializable.cpp
  HostMsgDispatcher.cpp
  HostMsg.cpp
  HostAddress.cpp
  GUIDEventTypeIDVector.cpp
  Exception.cpp
  EventTerminator.cpp
  EventSerializer.cpp
  EventFactory.cpp
  Generating Code...
  Compiling...
  EventDeserializer.cpp
  EventChannelFactory.cpp
  EPAddress.cpp
  AttachedObjects.cpp
  Generating Code...
C:\Program Files (x86)\MSBuild\Microsoft.Cpp\v4.0\V140\Microsoft.CppBuild.targets(1357,5): warning MSB8012: TargetPath(C:\Users\micka\Documents\Fraunhofer_2016_2017\TUIFramework_Github\platforms\MSVC2015\..\..\install\lib\x86\TUIFramework\TUIFrameworkCore.lib) does not match the Library's OutputFile property value (C:\Users\micka\Documents\Fraunhofer_2016_2017\TUIFramework_Github\install\lib\x86\TUIFramework\TUIFrameworkCoreD.lib). This may cause your project to build incorrectly. To correct this, please make sure that $(OutDir), $(TargetName) and $(TargetExt) property values match the value specified in %(Lib.OutputFile).
C:\Program Files (x86)\MSBuild\Microsoft.Cpp\v4.0\V140\Microsoft.CppBuild.targets(1359,5): warning MSB8012: TargetName(TUIFrameworkCore) does not match the Library's OutputFile property value (TUIFrameworkCoreD). This may cause your project to build incorrectly. To correct this, please make sure that $(OutDir), $(TargetName) and $(TargetExt) property values match the value specified in %(Lib.OutputFile).
  TUIFrameworkCore.vcxproj -> C:\Users\micka\Documents\Fraunhofer_2016_2017\TUIFramework_Github\platforms\MSVC2015\..\..\install\lib\x86\TUIFramework\TUIFrameworkCore.lib
