C:\Program Files (x86)\MSBuild\Microsoft.Cpp\v4.0\V140\Microsoft.CppBuild.targets(368,5): warning MSB8004: Output Directory does not end with a trailing slash.  This build instance will add the slash as it is required to allow proper evaluation of the Output Directory.
  MSPKinectARTTransformation.cpp
  KinectARTTransfUnit.cpp
c:\users\micka\documents\fraunhofer_2016_2017\tuiframework_github\src\tuiplugins\kinecttransf\kinectarttransfunit.cpp(152): warning C4244: 'initializing': conversion from 'double' to 'float', possible loss of data
c:\users\micka\documents\fraunhofer_2016_2017\tuiframework_github\src\tuiplugins\kinecttransf\kinectarttransfunit.cpp(153): warning C4244: 'initializing': conversion from 'double' to 'float', possible loss of data
c:\users\micka\documents\fraunhofer_2016_2017\tuiframework_github\src\tuiplugins\kinecttransf\kinectarttransfunit.cpp(154): warning C4244: 'initializing': conversion from 'double' to 'float', possible loss of data
c:\users\micka\documents\fraunhofer_2016_2017\tuiframework_github\src\tuiplugins\kinecttransf\kinectarttransfunit.cpp(161): warning C4244: 'initializing': conversion from 'double' to 'float', possible loss of data
c:\users\micka\documents\fraunhofer_2016_2017\tuiframework_github\src\tuiplugins\kinecttransf\kinectarttransfunit.cpp(162): warning C4244: 'initializing': conversion from 'double' to 'float', possible loss of data
c:\users\micka\documents\fraunhofer_2016_2017\tuiframework_github\src\tuiplugins\kinecttransf\kinectarttransfunit.cpp(163): warning C4244: 'initializing': conversion from 'double' to 'float', possible loss of data
c:\users\micka\documents\fraunhofer_2016_2017\tuiframework_github\src\tuiplugins\kinecttransf\kinectarttransfunit.cpp(203): warning C4244: 'initializing': conversion from 'double' to 'float', possible loss of data
c:\users\micka\documents\fraunhofer_2016_2017\tuiframework_github\src\tuiplugins\kinecttransf\kinectarttransfunit.cpp(204): warning C4244: 'initializing': conversion from 'double' to 'float', possible loss of data
c:\users\micka\documents\fraunhofer_2016_2017\tuiframework_github\src\tuiplugins\kinecttransf\kinectarttransfunit.cpp(205): warning C4244: 'initializing': conversion from 'double' to 'float', possible loss of data
c:\users\micka\documents\fraunhofer_2016_2017\tuiframework_github\src\tuiplugins\kinecttransf\kinectarttransfunit.cpp(212): warning C4244: 'initializing': conversion from 'double' to 'float', possible loss of data
c:\users\micka\documents\fraunhofer_2016_2017\tuiframework_github\src\tuiplugins\kinecttransf\kinectarttransfunit.cpp(213): warning C4244: 'initializing': conversion from 'double' to 'float', possible loss of data
c:\users\micka\documents\fraunhofer_2016_2017\tuiframework_github\src\tuiplugins\kinecttransf\kinectarttransfunit.cpp(214): warning C4244: 'initializing': conversion from 'double' to 'float', possible loss of data
c:\users\micka\documents\fraunhofer_2016_2017\tuiframework_github\src\tuiplugins\kinecttransf\kinectarttransfunit.cpp(251): warning C4244: 'initializing': conversion from 'double' to 'float', possible loss of data
c:\users\micka\documents\fraunhofer_2016_2017\tuiframework_github\src\tuiplugins\kinecttransf\kinectarttransfunit.cpp(252): warning C4244: 'initializing': conversion from 'double' to 'float', possible loss of data
c:\users\micka\documents\fraunhofer_2016_2017\tuiframework_github\src\tuiplugins\kinecttransf\kinectarttransfunit.cpp(253): warning C4244: 'initializing': conversion from 'double' to 'float', possible loss of data
c:\users\micka\documents\fraunhofer_2016_2017\tuiframework_github\src\tuiplugins\kinecttransf\kinectarttransfunit.cpp(260): warning C4244: 'initializing': conversion from 'double' to 'float', possible loss of data
c:\users\micka\documents\fraunhofer_2016_2017\tuiframework_github\src\tuiplugins\kinecttransf\kinectarttransfunit.cpp(261): warning C4244: 'initializing': conversion from 'double' to 'float', possible loss of data
c:\users\micka\documents\fraunhofer_2016_2017\tuiframework_github\src\tuiplugins\kinecttransf\kinectarttransfunit.cpp(262): warning C4244: 'initializing': conversion from 'double' to 'float', possible loss of data
c:\users\micka\documents\fraunhofer_2016_2017\tuiframework_github\src\tuiplugins\kinecttransf\kinectarttransfunit.cpp(314): warning C4244: 'initializing': conversion from 'double' to 'float', possible loss of data
c:\users\micka\documents\fraunhofer_2016_2017\tuiframework_github\src\tuiplugins\kinecttransf\kinectarttransfunit.cpp(315): warning C4244: 'initializing': conversion from 'double' to 'float', possible loss of data
c:\users\micka\documents\fraunhofer_2016_2017\tuiframework_github\src\tuiplugins\kinecttransf\kinectarttransfunit.cpp(316): warning C4244: 'initializing': conversion from 'double' to 'float', possible loss of data
c:\users\micka\documents\fraunhofer_2016_2017\tuiframework_github\src\tuiplugins\kinecttransf\kinectarttransfunit.cpp(323): warning C4244: 'initializing': conversion from 'double' to 'float', possible loss of data
c:\users\micka\documents\fraunhofer_2016_2017\tuiframework_github\src\tuiplugins\kinecttransf\kinectarttransfunit.cpp(324): warning C4244: 'initializing': conversion from 'double' to 'float', possible loss of data
c:\users\micka\documents\fraunhofer_2016_2017\tuiframework_github\src\tuiplugins\kinecttransf\kinectarttransfunit.cpp(325): warning C4244: 'initializing': conversion from 'double' to 'float', possible loss of data
c:\users\micka\documents\fraunhofer_2016_2017\tuiframework_github\src\tuiplugins\kinecttransf\kinectarttransfunit.cpp(336): warning C4244: 'initializing': conversion from 'double' to 'float', possible loss of data
c:\users\micka\documents\fraunhofer_2016_2017\tuiframework_github\src\tuiplugins\kinecttransf\kinectarttransfunit.cpp(337): warning C4244: 'initializing': conversion from 'double' to 'float', possible loss of data
c:\users\micka\documents\fraunhofer_2016_2017\tuiframework_github\src\tuiplugins\kinecttransf\kinectarttransfunit.cpp(338): warning C4244: 'initializing': conversion from 'double' to 'float', possible loss of data
c:\users\micka\documents\fraunhofer_2016_2017\tuiframework_github\src\tuiplugins\kinecttransf\kinectarttransfunit.cpp(345): warning C4244: 'initializing': conversion from 'double' to 'float', possible loss of data
c:\users\micka\documents\fraunhofer_2016_2017\tuiframework_github\src\tuiplugins\kinecttransf\kinectarttransfunit.cpp(346): warning C4244: 'initializing': conversion from 'double' to 'float', possible loss of data
c:\users\micka\documents\fraunhofer_2016_2017\tuiframework_github\src\tuiplugins\kinecttransf\kinectarttransfunit.cpp(347): warning C4244: 'initializing': conversion from 'double' to 'float', possible loss of data
  Generating Code...
C:\Program Files (x86)\MSBuild\Microsoft.Cpp\v4.0\V140\Microsoft.CppBuild.targets(1357,5): warning MSB8012: TargetPath(C:\Users\micka\Documents\Fraunhofer_2016_2017\TUIFramework_Github\platforms\MSVC2015\..\..\install\lib\x86\TUIFramework\TUILibKinectTransf.lib) does not match the Library's OutputFile property value (C:\Users\micka\Documents\Fraunhofer_2016_2017\TUIFramework_Github\install\lib\x86\TUIFramework\TUILibKinectTransfD.lib). This may cause your project to build incorrectly. To correct this, please make sure that $(OutDir), $(TargetName) and $(TargetExt) property values match the value specified in %(Lib.OutputFile).
C:\Program Files (x86)\MSBuild\Microsoft.Cpp\v4.0\V140\Microsoft.CppBuild.targets(1359,5): warning MSB8012: TargetName(TUILibKinectTransf) does not match the Library's OutputFile property value (TUILibKinectTransfD). This may cause your project to build incorrectly. To correct this, please make sure that $(OutDir), $(TargetName) and $(TargetExt) property values match the value specified in %(Lib.OutputFile).
  TUILibKinectTransf.vcxproj -> C:\Users\micka\Documents\Fraunhofer_2016_2017\TUIFramework_Github\platforms\MSVC2015\..\..\install\lib\x86\TUIFramework\TUILibKinectTransf.lib
