C:\Program Files (x86)\MSBuild\Microsoft.Cpp\v4.0\V140\Microsoft.CppBuild.targets(368,5): warning MSB8004: Output Directory does not end with a trailing slash.  This build instance will add the slash as it is required to allow proper evaluation of the Output Directory.
  XControllerData.cpp
  WinModData.cpp
c:\program files (x86)\microsoft visual studio 14.0\vc\include\utility(172): warning C4244: 'initializing': conversion from 'float' to 'int', possible loss of data
  c:\users\micka\documents\fraunhofer_2016_2017\tuiframework_github\src\tuiplugins\tuitypes\common\winmoddata.cpp(56): note: see reference to function template instantiation 'std::pair<int,T>::pair<int&,float&,void,0>(_Other1,_Other2) noexcept' being compiled
          with
          [
              T=int,
              _Other1=int &,
              _Other2=float &
          ]
  c:\users\micka\documents\fraunhofer_2016_2017\tuiframework_github\src\tuiplugins\tuitypes\common\winmoddata.cpp(56): note: see reference to function template instantiation 'std::pair<int,T>::pair<int&,float&,void,0>(_Other1,_Other2) noexcept' being compiled
          with
          [
              T=int,
              _Other1=int &,
              _Other2=float &
          ]
c:\program files (x86)\microsoft visual studio 14.0\vc\include\utility(200): warning C4244: 'initializing': conversion from 'int' to 'float', possible loss of data
  c:\users\micka\documents\fraunhofer_2016_2017\tuiframework_github\src\tuiplugins\tuitypes\common\winmoddata.cpp(56): note: see reference to function template instantiation 'std::pair<int,T>::pair<int,int,void,0>(std::pair<int,int> &&) noexcept' being compiled
          with
          [
              T=float
          ]
  c:\users\micka\documents\fraunhofer_2016_2017\tuiframework_github\src\tuiplugins\tuitypes\common\winmoddata.cpp(56): note: see reference to function template instantiation 'std::pair<int,T>::pair<int,int,void,0>(std::pair<int,int> &&) noexcept' being compiled
          with
          [
              T=float
          ]
  VectorList3d.cpp
c:\users\micka\documents\fraunhofer_2016_2017\tuiframework_github\src\tuiplugins\tuitypes\common\vectorlist3d.cpp(119): warning C4101: 'newval': unreferenced local variable
c:\users\micka\documents\fraunhofer_2016_2017\tuiframework_github\src\tuiplugins\tuitypes\common\vectorlist3d.cpp(144): warning C4101: 'y2': unreferenced local variable
c:\users\micka\documents\fraunhofer_2016_2017\tuiframework_github\src\tuiplugins\tuitypes\common\vectorlist3d.cpp(144): warning C4101: 'y1': unreferenced local variable
c:\users\micka\documents\fraunhofer_2016_2017\tuiframework_github\src\tuiplugins\tuitypes\common\vectorlist3d.cpp(144): warning C4101: 'x1': unreferenced local variable
c:\users\micka\documents\fraunhofer_2016_2017\tuiframework_github\src\tuiplugins\tuitypes\common\vectorlist3d.cpp(143): warning C4101: 'dz': unreferenced local variable
c:\users\micka\documents\fraunhofer_2016_2017\tuiframework_github\src\tuiplugins\tuitypes\common\vectorlist3d.cpp(144): warning C4101: 'z2': unreferenced local variable
c:\users\micka\documents\fraunhofer_2016_2017\tuiframework_github\src\tuiplugins\tuitypes\common\vectorlist3d.cpp(143): warning C4101: 'dy': unreferenced local variable
c:\users\micka\documents\fraunhofer_2016_2017\tuiframework_github\src\tuiplugins\tuitypes\common\vectorlist3d.cpp(144): warning C4101: 'x2': unreferenced local variable
c:\users\micka\documents\fraunhofer_2016_2017\tuiframework_github\src\tuiplugins\tuitypes\common\vectorlist3d.cpp(144): warning C4101: 'z1': unreferenced local variable
c:\users\micka\documents\fraunhofer_2016_2017\tuiframework_github\src\tuiplugins\tuitypes\common\vectorlist3d.cpp(143): warning C4101: 'dx': unreferenced local variable
  Vector3d.cpp
  TrackerData.cpp
  SceneObject.cpp
c:\users\micka\documents\fraunhofer_2016_2017\tuiframework_github\src\tuiplugins\tuitypes\common\sceneobject.cpp(22): warning C4018: '<': signed/unsigned mismatch
  MouseData.cpp
  Matrix4Data.cpp
  KinectJoint.cpp
  HapticAngle.cpp
  Gesture.cpp
  CommonTypeReg.cpp
  CommonTUITypesPlugin.cpp
c:\users\micka\documents\fraunhofer_2016_2017\tuiframework_github\src\tuiplugins\tuitypes\common\commontuitypesplugin.h(40): warning C4190: 'soGetTFVersion' has C-linkage specified, but returns UDT 'std::basic_string<char,std::char_traits<char>,std::allocator<char>>' which is incompatible with C
  c:\program files (x86)\microsoft visual studio 14.0\vc\include\xstring(2633): note: see declaration of 'std::basic_string<char,std::char_traits<char>,std::allocator<char>>'
c:\users\micka\documents\fraunhofer_2016_2017\tuiframework_github\src\tuiplugins\tuitypes\common\commontuitypesplugin.h(41): warning C4190: 'soGetSOVersion' has C-linkage specified, but returns UDT 'std::basic_string<char,std::char_traits<char>,std::allocator<char>>' which is incompatible with C
  c:\program files (x86)\microsoft visual studio 14.0\vc\include\xstring(2633): note: see declaration of 'std::basic_string<char,std::char_traits<char>,std::allocator<char>>'
  Generating Code...
C:\Program Files (x86)\MSBuild\Microsoft.Cpp\v4.0\V140\Microsoft.CppBuild.targets(1357,5): warning MSB8012: TargetPath(C:\Users\micka\Documents\Fraunhofer_2016_2017\TUIFramework_Github\platforms\MSVC2015\..\..\install\lib\x86\TUIFramework\TUILibTUITypes.lib) does not match the Library's OutputFile property value (C:\Users\micka\Documents\Fraunhofer_2016_2017\TUIFramework_Github\install\lib\x86\TUIFramework\TUILibTUITypesD.lib). This may cause your project to build incorrectly. To correct this, please make sure that $(OutDir), $(TargetName) and $(TargetExt) property values match the value specified in %(Lib.OutputFile).
C:\Program Files (x86)\MSBuild\Microsoft.Cpp\v4.0\V140\Microsoft.CppBuild.targets(1359,5): warning MSB8012: TargetName(TUILibTUITypes) does not match the Library's OutputFile property value (TUILibTUITypesD). This may cause your project to build incorrectly. To correct this, please make sure that $(OutDir), $(TargetName) and $(TargetExt) property values match the value specified in %(Lib.OutputFile).
  TUILibTUITypes.vcxproj -> C:\Users\micka\Documents\Fraunhofer_2016_2017\TUIFramework_Github\platforms\MSVC2015\..\..\install\lib\x86\TUIFramework\TUILibTUITypes.lib
