c:\users\micka\documents\fraunhofer_2016_2017\tuiframework_github\build\tuilibtuitypes\commontuitypesplugin.obj
c:\users\micka\documents\fraunhofer_2016_2017\tuiframework_github\build\tuilibtuitypes\commontypereg.obj
c:\users\micka\documents\fraunhofer_2016_2017\tuiframework_github\build\tuilibtuitypes\gesture.obj
c:\users\micka\documents\fraunhofer_2016_2017\tuiframework_github\build\tuilibtuitypes\hapticangle.obj
c:\users\micka\documents\fraunhofer_2016_2017\tuiframework_github\build\tuilibtuitypes\kinectjoint.obj
c:\users\micka\documents\fraunhofer_2016_2017\tuiframework_github\build\tuilibtuitypes\matrix4data.obj
c:\users\micka\documents\fraunhofer_2016_2017\tuiframework_github\build\tuilibtuitypes\mousedata.obj
c:\users\micka\documents\fraunhofer_2016_2017\tuiframework_github\build\tuilibtuitypes\sceneobject.obj
c:\users\micka\documents\fraunhofer_2016_2017\tuiframework_github\build\tuilibtuitypes\trackerdata.obj
c:\users\micka\documents\fraunhofer_2016_2017\tuiframework_github\build\tuilibtuitypes\vector3d.obj
c:\users\micka\documents\fraunhofer_2016_2017\tuiframework_github\build\tuilibtuitypes\vectorlist3d.obj
c:\users\micka\documents\fraunhofer_2016_2017\tuiframework_github\build\tuilibtuitypes\winmoddata.obj
c:\users\micka\documents\fraunhofer_2016_2017\tuiframework_github\build\tuilibtuitypes\xcontrollerdata.obj
c:\users\micka\documents\fraunhofer_2016_2017\tuiframework_github\build\tuilibtuitypes\tuilibtuitypes.pdb
c:\users\micka\documents\fraunhofer_2016_2017\tuiframework_github\install\lib\x86\tuiframework\tuilibtuitypesd.lib
c:\users\micka\documents\fraunhofer_2016_2017\tuiframework_github\build\tuilibtuitypes\tuilibtuitypes.idb
c:\users\micka\documents\fraunhofer_2016_2017\tuiframework_github\platforms\msvc2015\..\..\install\lib\x86\tuiframework\tuilibtuitypes.pdb
c:\users\micka\documents\fraunhofer_2016_2017\tuiframework_github\build\tuilibtuitypes\tuilibtuitypes.tlog\cl.command.1.tlog
c:\users\micka\documents\fraunhofer_2016_2017\tuiframework_github\build\tuilibtuitypes\tuilibtuitypes.tlog\cl.read.1.tlog
c:\users\micka\documents\fraunhofer_2016_2017\tuiframework_github\build\tuilibtuitypes\tuilibtuitypes.tlog\cl.write.1.tlog
c:\users\micka\documents\fraunhofer_2016_2017\tuiframework_github\build\tuilibtuitypes\tuilibtuitypes.tlog\lib-link.read.1.tlog
c:\users\micka\documents\fraunhofer_2016_2017\tuiframework_github\build\tuilibtuitypes\tuilibtuitypes.tlog\lib-link.write.1.tlog
c:\users\micka\documents\fraunhofer_2016_2017\tuiframework_github\build\tuilibtuitypes\tuilibtuitypes.tlog\lib.command.1.tlog
